<?xml version="1.0" encoding="UTF-8"?>
<!-- Generated by org.testng.reporters.JUnitReportReporter -->
<testsuite hostname="LAPTOP-56RKM2TR" failures="0" tests="2" name="AutomationFramework.UiAutomation.TestsOfFeature1" time="86.415" errors="0" timestamp="2022-09-12T11:22:11 IST" skipped="0">
  <testcase classname="AutomationFramework.UiAutomation.TestsOfFeature1" name="FlipTest" time="41.566"/>
  <system-out/>
  <testcase classname="AutomationFramework.UiAutomation.TestsOfFeature1" name="FlipTest" time="44.849"/>
  <system-out/>
</testsuite> <!-- AutomationFramework.UiAutomation.TestsOfFeature1 -->
